#-----------------------------------------------------------
# Vivado v2024.2 (64-bit)
# SW Build 5239630 on Fri Nov 08 22:35:27 MST 2024
# IP Build 5239520 on Sun Nov 10 16:12:51 MST 2024
# SharedData Build 5239561 on Fri Nov 08 14:39:27 MST 2024
# Start of session at: Sat Apr 18 12:45:37 2026
# Process ID         : 30284
# Current directory  : C:/Users/jswat/School_Projects/ECE485_FinalProject/ece485_final_cadet_stage2
# Command line       : vivado.exe -gui_launcher_event rodinguilauncherevent32816 C:\Users\jswat\School_Projects\ECE485_FinalProject\ece485_final_cadet_stage2\ece485_final_cadet_stage2.xpr
# Log file           : C:/Users/jswat/School_Projects/ECE485_FinalProject/ece485_final_cadet_stage2/vivado.log
# Journal file       : C:/Users/jswat/School_Projects/ECE485_FinalProject/ece485_final_cadet_stage2\vivado.jou
# Running On         : Jonathon-Razer-Laptop
# Platform           : Windows Server 2016 or Windows 10
# Operating System   : 26200
# Processor Detail   : 11th Gen Intel(R) Core(TM) i9-11900H @ 2.50GHz
# CPU Frequency      : 2496 MHz
# CPU Physical cores : 8
# CPU Logical cores  : 16
# Host memory        : 34095 MB
# Swap memory        : 8321 MB
# Total Virtual      : 42417 MB
# Available Virtual  : 28227 MB
#-----------------------------------------------------------
start_gui
open_project C:/Users/jswat/School_Projects/ECE485_FinalProject/ece485_final_cadet_stage2/ece485_final_cadet_stage2.xpr
INFO: [Project 1-313] Project file moved from 'C:/Users/jswat/Downloads/ECE485_FinalProject/ece485_final_cadet_stage2' since last save.
INFO: [filemgmt 56-3] Default IP Output Path : Could not find the directory 'C:/Users/jswat/School_Projects/ECE485_FinalProject/ece485_final_cadet_stage2/ece485_final_cadet_stage2.gen/sources_1'.
Scanning sources...
Finished scanning sources
INFO: [IP_Flow 19-234] Refreshing IP repositories
INFO: [IP_Flow 19-1704] No user IP repositories specified
INFO: [IP_Flow 19-2313] Loaded Vivado IP repository 'C:/Xilinx2/Vivado/2024.2/data/ip'.
open_project: Time (s): cpu = 00:00:14 ; elapsed = 00:00:06 . Memory (MB): peak = 1099.430 ; gain = 43.621
update_compile_order -fileset sources_1
launch_simulation
ERROR: [Common 17-1293] The path 'C:/Users/jswat/School_Projects/ECE485_FinalProject/ece485_final_cadet_stage2/ece485_final_cadet_stage2.cache/wt' already exists, is a directory, but is not writable.
launch_simulation
ERROR: [Common 17-1293] The path 'C:/Users/jswat/School_Projects/ECE485_FinalProject/ece485_final_cadet_stage2/ece485_final_cadet_stage2.cache/wt' already exists, is a directory, but is not writable.
exit
INFO: [Common 17-206] Exiting Vivado at Sat Apr 18 12:48:44 2026...
