#-----------------------------------------------------------
# Vivado v2024.2 (64-bit)
# SW Build 5239630 on Fri Nov 08 22:35:27 MST 2024
# IP Build 5239520 on Sun Nov 10 16:12:51 MST 2024
# SharedData Build 5239561 on Fri Nov 08 14:39:27 MST 2024
# Start of session at: Sat Apr 18 12:58:39 2026
# Process ID         : 27272
# Current directory  : C:/Users/jswat/School_Projects/ECE485_FinalProject/ece485_final_cadet_stage2
# Command line       : vivado.exe -gui_launcher_event rodinguilauncherevent29544 C:\Users\jswat\School_Projects\ECE485_FinalProject\ece485_final_cadet_stage2\ece485_final_cadet_stage2.xpr
# Log file           : C:/Users/jswat/School_Projects/ECE485_FinalProject/ece485_final_cadet_stage2/vivado.log
# Journal file       : C:/Users/jswat/School_Projects/ECE485_FinalProject/ece485_final_cadet_stage2\vivado.jou
# Running On         : Jonathon-Razer-Laptop
# Platform           : Windows Server 2016 or Windows 10
# Operating System   : 26200
# Processor Detail   : 11th Gen Intel(R) Core(TM) i9-11900H @ 2.50GHz
# CPU Frequency      : 2496 MHz
# CPU Physical cores : 8
# CPU Logical cores  : 16
# Host memory        : 34095 MB
# Swap memory        : 8321 MB
# Total Virtual      : 42417 MB
# Available Virtual  : 26655 MB
#-----------------------------------------------------------
start_gui
open_project C:/Users/jswat/School_Projects/ECE485_FinalProject/ece485_final_cadet_stage2/ece485_final_cadet_stage2.xpr
INFO: [filemgmt 56-3] Default IP Output Path : Could not find the directory 'C:/Users/jswat/School_Projects/ECE485_FinalProject/ece485_final_cadet_stage2/ece485_final_cadet_stage2.gen/sources_1'.
Scanning sources...
Finished scanning sources
INFO: [IP_Flow 19-234] Refreshing IP repositories
INFO: [IP_Flow 19-1704] No user IP repositories specified
INFO: [IP_Flow 19-2313] Loaded Vivado IP repository 'C:/Xilinx2/Vivado/2024.2/data/ip'.
update_compile_order -fileset sources_1
launch_simulation
Command: launch_simulation 
INFO: [Vivado 12-12493] Simulation top is 'tb_riscv_pipeline'
WARNING: [Vivado 12-13340] Unable to auto find GCC executables from simulator install path! (path not set)
INFO: [Vivado 12-5682] Launching behavioral simulation in 'C:/Users/jswat/School_Projects/ECE485_FinalProject/ece485_final_cadet_stage2/ece485_final_cadet_stage2.sim/sim_1/behav/xsim'
INFO: [SIM-utils-51] Simulation object is 'sim_1'
INFO: [SIM-utils-72] Using boost library from 'C:/Xilinx2/Vivado/2024.2/tps/boost_1_72_0'
INFO: [SIM-utils-54] Inspecting design source files for 'tb_riscv_pipeline' in fileset 'sim_1'...
INFO: [USF-XSim-97] Finding global include files...
INFO: [USF-XSim-98] Fetching design files from 'sim_1'...
INFO: [USF-XSim-2] XSim::Compile design
INFO: [USF-XSim-61] Executing 'COMPILE and ANALYZE' step in 'C:/Users/jswat/School_Projects/ECE485_FinalProject/ece485_final_cadet_stage2/ece485_final_cadet_stage2.sim/sim_1/behav/xsim'
"xvhdl --incr --relax -prj tb_riscv_pipeline_vhdl.prj"
INFO: [VRFC 10-163] Analyzing VHDL file "C:/Users/jswat/School_Projects/ECE485_FinalProject/ece485_final_cadet_stage2/alu.vhdl" into library xil_defaultlib
INFO: [VRFC 10-3107] analyzing entity 'alu'
INFO: [VRFC 10-163] Analyzing VHDL file "C:/Users/jswat/School_Projects/ECE485_FinalProject/ece485_final_cadet_stage2/alu_control.vhdl" into library xil_defaultlib
INFO: [VRFC 10-3107] analyzing entity 'alu_control'
INFO: [VRFC 10-163] Analyzing VHDL file "C:/Users/jswat/School_Projects/ECE485_FinalProject/ece485_final_cadet_stage2/control_unit.vhdl" into library xil_defaultlib
INFO: [VRFC 10-3107] analyzing entity 'control_unit'
INFO: [VRFC 10-163] Analyzing VHDL file "C:/Users/jswat/School_Projects/ECE485_FinalProject/ece485_final_cadet_stage2/data_mem.vhdl" into library xil_defaultlib
INFO: [VRFC 10-3107] analyzing entity 'data_mem'
INFO: [VRFC 10-163] Analyzing VHDL file "C:/Users/jswat/School_Projects/ECE485_FinalProject/ece485_final_cadet_stage2/immediate_generator.vhdl" into library xil_defaultlib
INFO: [VRFC 10-3107] analyzing entity 'immediate_generator'
INFO: [VRFC 10-163] Analyzing VHDL file "C:/Users/jswat/School_Projects/ECE485_FinalProject/ece485_final_cadet_stage2/instr_mem.vhdl" into library xil_defaultlib
INFO: [VRFC 10-3107] analyzing entity 'instr_mem'
INFO: [VRFC 10-163] Analyzing VHDL file "C:/Users/jswat/School_Projects/ECE485_FinalProject/ece485_final_cadet_stage2/pc.vhdl" into library xil_defaultlib
INFO: [VRFC 10-3107] analyzing entity 'pc_live'
INFO: [VRFC 10-163] Analyzing VHDL file "C:/Users/jswat/School_Projects/ECE485_FinalProject/ece485_final_cadet_stage2/pipeline_registers.vhdl" into library xil_defaultlib
INFO: [VRFC 10-3107] analyzing entity 'pipeline_registers'
INFO: [VRFC 10-163] Analyzing VHDL file "C:/Users/jswat/School_Projects/ECE485_FinalProject/ece485_final_cadet_stage2/reg_file.vhdl" into library xil_defaultlib
INFO: [VRFC 10-3107] analyzing entity 'reg_file'
INFO: [VRFC 10-163] Analyzing VHDL file "C:/Users/jswat/School_Projects/ECE485_FinalProject/ece485_final_cadet_stage2/riscv_pipeline.vhdl" into library xil_defaultlib
INFO: [VRFC 10-3107] analyzing entity 'riscv_pipeline'
INFO: [VRFC 10-163] Analyzing VHDL file "C:/Users/jswat/School_Projects/ECE485_FinalProject/ece485_final_cadet_stage2/tb_riscv_pipeline.vhdl" into library xil_defaultlib
INFO: [VRFC 10-3107] analyzing entity 'tb_riscv_pipeline'
INFO: [USF-XSim-69] 'compile' step finished in '2' seconds
INFO: [USF-XSim-3] XSim::Elaborate design
INFO: [USF-XSim-61] Executing 'ELABORATE' step in 'C:/Users/jswat/School_Projects/ECE485_FinalProject/ece485_final_cadet_stage2/ece485_final_cadet_stage2.sim/sim_1/behav/xsim'
"xelab --incr --debug typical --relax --mt 2 -L xil_defaultlib -L secureip --snapshot tb_riscv_pipeline_behav xil_defaultlib.tb_riscv_pipeline -log elaborate.log"
Vivado Simulator v2024.2.0
Copyright 1986-2022 Xilinx, Inc. All Rights Reserved.
Copyright 2022-2024 Advanced Micro Devices, Inc. All Rights Reserved.
Running: C:/Xilinx2/Vivado/2024.2/bin/unwrapped/win64.o/xelab.exe --incr --debug typical --relax --mt 2 -L xil_defaultlib -L secureip --snapshot tb_riscv_pipeline_behav xil_defaultlib.tb_riscv_pipeline -log elaborate.log 
Using 2 slave threads.
Starting static elaboration
Completed static elaboration
Starting simulation data flow analysis
Completed simulation data flow analysis
Time Resolution for simulation is 1ps
Compiling package std.standard
Compiling package std.textio
Compiling package ieee.std_logic_1164
Compiling package ieee.numeric_std
Compiling architecture behavioral of entity xil_defaultlib.pc_live [pc_live_default]
Compiling architecture behavioral of entity xil_defaultlib.pipeline_registers [pipeline_registers_default]
Compiling architecture behavioral of entity xil_defaultlib.instr_mem [instr_mem_default]
Compiling architecture behavioral of entity xil_defaultlib.control_unit [control_unit_default]
Compiling architecture behavioral of entity xil_defaultlib.alu_control [alu_control_default]
Compiling architecture behavioral of entity xil_defaultlib.reg_file [reg_file_default]
Compiling architecture behavioral of entity xil_defaultlib.immediate_generator [immediate_generator_default]
Compiling architecture behavioral of entity xil_defaultlib.alu [alu_default]
Compiling architecture behavioral of entity xil_defaultlib.data_mem [data_mem_default]
Compiling architecture behavioral of entity xil_defaultlib.riscv_pipeline [riscv_pipeline_default]
Compiling architecture behavioral of entity xil_defaultlib.tb_riscv_pipeline
Built simulation snapshot tb_riscv_pipeline_behav
INFO: [USF-XSim-69] 'elaborate' step finished in '3' seconds
INFO: [USF-XSim-4] XSim::Simulate design
INFO: [USF-XSim-61] Executing 'SIMULATE' step in 'C:/Users/jswat/School_Projects/ECE485_FinalProject/ece485_final_cadet_stage2/ece485_final_cadet_stage2.sim/sim_1/behav/xsim'
INFO: [USF-XSim-98] *** Running xsim
   with args "tb_riscv_pipeline_behav -key {Behavioral:sim_1:Functional:tb_riscv_pipeline} -tclbatch {tb_riscv_pipeline.tcl} -view {C:/Users/jswat/School_Projects/ECE485_FinalProject/ece485_final_cadet_stage2/tb_riscv_pipeline_behav.wcfg} -log {simulate.log}"
INFO: [USF-XSim-8] Loading simulator feature
Time resolution is 1 ps
open_wave_config C:/Users/jswat/School_Projects/ECE485_FinalProject/ece485_final_cadet_stage2/tb_riscv_pipeline_behav.wcfg
source tb_riscv_pipeline.tcl
# set curr_wave [current_wave_config]
# if { [string length $curr_wave] == 0 } {
#   if { [llength [get_objects]] > 0} {
#     add_wave /
#     set_property needs_save false [current_wave_config]
#   } else {
#      send_msg_id Add_Wave-1 WARNING "No top level signals found. Simulator will start without a wave window. If you want to open a wave window go to 'File->New Waveform Configuration' or type 'create_wave_config' in the TCL console."
#   }
# }
# run 1000ns
INFO: [USF-XSim-96] XSim completed. Design snapshot 'tb_riscv_pipeline_behav' loaded.
INFO: [USF-XSim-97] XSim simulation ran for 1000ns
launch_simulation: Time (s): cpu = 00:00:04 ; elapsed = 00:00:09 . Memory (MB): peak = 1182.617 ; gain = 0.000
run 250 ns
run 250 ns
run 250 ns
run 250 ns
run 250 ns
close_sim
INFO: [Simtcl 6-16] Simulation closed
launch_simulation
Command: launch_simulation 
INFO: [Vivado 12-12493] Simulation top is 'tb_riscv_pipeline'
WARNING: [Vivado 12-13340] Unable to auto find GCC executables from simulator install path! (path not set)
INFO: [Vivado 12-5682] Launching behavioral simulation in 'C:/Users/jswat/School_Projects/ECE485_FinalProject/ece485_final_cadet_stage2/ece485_final_cadet_stage2.sim/sim_1/behav/xsim'
INFO: [SIM-utils-51] Simulation object is 'sim_1'
INFO: [SIM-utils-72] Using boost library from 'C:/Xilinx2/Vivado/2024.2/tps/boost_1_72_0'
INFO: [SIM-utils-54] Inspecting design source files for 'tb_riscv_pipeline' in fileset 'sim_1'...
INFO: [USF-XSim-97] Finding global include files...
INFO: [USF-XSim-98] Fetching design files from 'sim_1'...
INFO: [USF-XSim-2] XSim::Compile design
INFO: [USF-XSim-61] Executing 'COMPILE and ANALYZE' step in 'C:/Users/jswat/School_Projects/ECE485_FinalProject/ece485_final_cadet_stage2/ece485_final_cadet_stage2.sim/sim_1/behav/xsim'
"xvhdl --incr --relax -prj tb_riscv_pipeline_vhdl.prj"
INFO: [VRFC 10-163] Analyzing VHDL file "C:/Users/jswat/School_Projects/ECE485_FinalProject/ece485_final_cadet_stage2/riscv_pipeline.vhdl" into library xil_defaultlib
INFO: [VRFC 10-3107] analyzing entity 'riscv_pipeline'
INFO: [USF-XSim-69] 'compile' step finished in '2' seconds
INFO: [USF-XSim-3] XSim::Elaborate design
INFO: [USF-XSim-61] Executing 'ELABORATE' step in 'C:/Users/jswat/School_Projects/ECE485_FinalProject/ece485_final_cadet_stage2/ece485_final_cadet_stage2.sim/sim_1/behav/xsim'
"xelab --incr --debug typical --relax --mt 2 -L xil_defaultlib -L secureip --snapshot tb_riscv_pipeline_behav xil_defaultlib.tb_riscv_pipeline -log elaborate.log"
Vivado Simulator v2024.2.0
Copyright 1986-2022 Xilinx, Inc. All Rights Reserved.
Copyright 2022-2024 Advanced Micro Devices, Inc. All Rights Reserved.
Running: C:/Xilinx2/Vivado/2024.2/bin/unwrapped/win64.o/xelab.exe --incr --debug typical --relax --mt 2 -L xil_defaultlib -L secureip --snapshot tb_riscv_pipeline_behav xil_defaultlib.tb_riscv_pipeline -log elaborate.log 
Using 2 slave threads.
Starting static elaboration
Completed static elaboration
Starting simulation data flow analysis
Completed simulation data flow analysis
Time Resolution for simulation is 1ps
Compiling package std.standard
Compiling package std.textio
Compiling package ieee.std_logic_1164
Compiling package ieee.numeric_std
Compiling architecture behavioral of entity xil_defaultlib.pc_live [pc_live_default]
Compiling architecture behavioral of entity xil_defaultlib.pipeline_registers [pipeline_registers_default]
Compiling architecture behavioral of entity xil_defaultlib.instr_mem [instr_mem_default]
Compiling architecture behavioral of entity xil_defaultlib.control_unit [control_unit_default]
Compiling architecture behavioral of entity xil_defaultlib.alu_control [alu_control_default]
Compiling architecture behavioral of entity xil_defaultlib.reg_file [reg_file_default]
Compiling architecture behavioral of entity xil_defaultlib.immediate_generator [immediate_generator_default]
Compiling architecture behavioral of entity xil_defaultlib.alu [alu_default]
Compiling architecture behavioral of entity xil_defaultlib.data_mem [data_mem_default]
Compiling architecture behavioral of entity xil_defaultlib.riscv_pipeline [riscv_pipeline_default]
Compiling architecture behavioral of entity xil_defaultlib.tb_riscv_pipeline
Built simulation snapshot tb_riscv_pipeline_behav
INFO: [USF-XSim-69] 'elaborate' step finished in '2' seconds
INFO: [USF-XSim-4] XSim::Simulate design
INFO: [USF-XSim-61] Executing 'SIMULATE' step in 'C:/Users/jswat/School_Projects/ECE485_FinalProject/ece485_final_cadet_stage2/ece485_final_cadet_stage2.sim/sim_1/behav/xsim'
INFO: [USF-XSim-98] *** Running xsim
   with args "tb_riscv_pipeline_behav -key {Behavioral:sim_1:Functional:tb_riscv_pipeline} -tclbatch {tb_riscv_pipeline.tcl} -view {C:/Users/jswat/School_Projects/ECE485_FinalProject/ece485_final_cadet_stage2/tb_riscv_pipeline_behav.wcfg} -log {simulate.log}"
INFO: [USF-XSim-8] Loading simulator feature
Time resolution is 1 ps
open_wave_config C:/Users/jswat/School_Projects/ECE485_FinalProject/ece485_final_cadet_stage2/tb_riscv_pipeline_behav.wcfg
source tb_riscv_pipeline.tcl
# set curr_wave [current_wave_config]
# if { [string length $curr_wave] == 0 } {
#   if { [llength [get_objects]] > 0} {
#     add_wave /
#     set_property needs_save false [current_wave_config]
#   } else {
#      send_msg_id Add_Wave-1 WARNING "No top level signals found. Simulator will start without a wave window. If you want to open a wave window go to 'File->New Waveform Configuration' or type 'create_wave_config' in the TCL console."
#   }
# }
# run 1000ns
INFO: [USF-XSim-96] XSim completed. Design snapshot 'tb_riscv_pipeline_behav' loaded.
INFO: [USF-XSim-97] XSim simulation ran for 1000ns
launch_simulation: Time (s): cpu = 00:00:03 ; elapsed = 00:00:06 . Memory (MB): peak = 1239.098 ; gain = 0.000
run 250 ns
run 250 ns
run 250 ns
close_sim
INFO: [Simtcl 6-16] Simulation closed
launch_simulation
Command: launch_simulation 
INFO: [Vivado 12-12493] Simulation top is 'tb_riscv_pipeline'
WARNING: [Vivado 12-13340] Unable to auto find GCC executables from simulator install path! (path not set)
INFO: [Vivado 12-5682] Launching behavioral simulation in 'C:/Users/jswat/School_Projects/ECE485_FinalProject/ece485_final_cadet_stage2/ece485_final_cadet_stage2.sim/sim_1/behav/xsim'
INFO: [SIM-utils-51] Simulation object is 'sim_1'
INFO: [SIM-utils-72] Using boost library from 'C:/Xilinx2/Vivado/2024.2/tps/boost_1_72_0'
INFO: [SIM-utils-54] Inspecting design source files for 'tb_riscv_pipeline' in fileset 'sim_1'...
INFO: [USF-XSim-97] Finding global include files...
INFO: [USF-XSim-98] Fetching design files from 'sim_1'...
INFO: [USF-XSim-2] XSim::Compile design
INFO: [USF-XSim-61] Executing 'COMPILE and ANALYZE' step in 'C:/Users/jswat/School_Projects/ECE485_FinalProject/ece485_final_cadet_stage2/ece485_final_cadet_stage2.sim/sim_1/behav/xsim'
"xvhdl --incr --relax -prj tb_riscv_pipeline_vhdl.prj"
INFO: [VRFC 10-163] Analyzing VHDL file "C:/Users/jswat/School_Projects/ECE485_FinalProject/ece485_final_cadet_stage2/riscv_pipeline.vhdl" into library xil_defaultlib
INFO: [VRFC 10-3107] analyzing entity 'riscv_pipeline'
INFO: [USF-XSim-69] 'compile' step finished in '2' seconds
INFO: [USF-XSim-3] XSim::Elaborate design
INFO: [USF-XSim-61] Executing 'ELABORATE' step in 'C:/Users/jswat/School_Projects/ECE485_FinalProject/ece485_final_cadet_stage2/ece485_final_cadet_stage2.sim/sim_1/behav/xsim'
"xelab --incr --debug typical --relax --mt 2 -L xil_defaultlib -L secureip --snapshot tb_riscv_pipeline_behav xil_defaultlib.tb_riscv_pipeline -log elaborate.log"
Vivado Simulator v2024.2.0
Copyright 1986-2022 Xilinx, Inc. All Rights Reserved.
Copyright 2022-2024 Advanced Micro Devices, Inc. All Rights Reserved.
Running: C:/Xilinx2/Vivado/2024.2/bin/unwrapped/win64.o/xelab.exe --incr --debug typical --relax --mt 2 -L xil_defaultlib -L secureip --snapshot tb_riscv_pipeline_behav xil_defaultlib.tb_riscv_pipeline -log elaborate.log 
Using 2 slave threads.
Starting static elaboration
Completed static elaboration
Starting simulation data flow analysis
Completed simulation data flow analysis
Time Resolution for simulation is 1ps
Compiling package std.standard
Compiling package std.textio
Compiling package ieee.std_logic_1164
Compiling package ieee.numeric_std
Compiling architecture behavioral of entity xil_defaultlib.pc_live [pc_live_default]
Compiling architecture behavioral of entity xil_defaultlib.pipeline_registers [pipeline_registers_default]
Compiling architecture behavioral of entity xil_defaultlib.instr_mem [instr_mem_default]
Compiling architecture behavioral of entity xil_defaultlib.control_unit [control_unit_default]
Compiling architecture behavioral of entity xil_defaultlib.alu_control [alu_control_default]
Compiling architecture behavioral of entity xil_defaultlib.reg_file [reg_file_default]
Compiling architecture behavioral of entity xil_defaultlib.immediate_generator [immediate_generator_default]
Compiling architecture behavioral of entity xil_defaultlib.alu [alu_default]
Compiling architecture behavioral of entity xil_defaultlib.data_mem [data_mem_default]
Compiling architecture behavioral of entity xil_defaultlib.riscv_pipeline [riscv_pipeline_default]
Compiling architecture behavioral of entity xil_defaultlib.tb_riscv_pipeline
Built simulation snapshot tb_riscv_pipeline_behav
INFO: [USF-XSim-69] 'elaborate' step finished in '2' seconds
INFO: [USF-XSim-4] XSim::Simulate design
INFO: [USF-XSim-61] Executing 'SIMULATE' step in 'C:/Users/jswat/School_Projects/ECE485_FinalProject/ece485_final_cadet_stage2/ece485_final_cadet_stage2.sim/sim_1/behav/xsim'
INFO: [USF-XSim-98] *** Running xsim
   with args "tb_riscv_pipeline_behav -key {Behavioral:sim_1:Functional:tb_riscv_pipeline} -tclbatch {tb_riscv_pipeline.tcl} -view {C:/Users/jswat/School_Projects/ECE485_FinalProject/ece485_final_cadet_stage2/tb_riscv_pipeline_behav.wcfg} -log {simulate.log}"
INFO: [USF-XSim-8] Loading simulator feature
Time resolution is 1 ps
open_wave_config C:/Users/jswat/School_Projects/ECE485_FinalProject/ece485_final_cadet_stage2/tb_riscv_pipeline_behav.wcfg
source tb_riscv_pipeline.tcl
# set curr_wave [current_wave_config]
# if { [string length $curr_wave] == 0 } {
#   if { [llength [get_objects]] > 0} {
#     add_wave /
#     set_property needs_save false [current_wave_config]
#   } else {
#      send_msg_id Add_Wave-1 WARNING "No top level signals found. Simulator will start without a wave window. If you want to open a wave window go to 'File->New Waveform Configuration' or type 'create_wave_config' in the TCL console."
#   }
# }
# run 1000ns
INFO: [USF-XSim-96] XSim completed. Design snapshot 'tb_riscv_pipeline_behav' loaded.
INFO: [USF-XSim-97] XSim simulation ran for 1000ns
launch_simulation: Time (s): cpu = 00:00:04 ; elapsed = 00:00:08 . Memory (MB): peak = 1712.160 ; gain = 2.730
run 250 ns
run 250 ns
run 250 ns
close_sim
WARNING: [filemgmt 56-199] Attempt to get parsing info during refresh. "On-the-fly" syntax checking information may be incorrect. [C:\Users\jswat\School_Projects\ECE485_FinalProject\ece485_final_cadet_stage2\riscv_pipeline.vhdl:]
INFO: [Simtcl 6-16] Simulation closed
WARNING: [filemgmt 56-199] Attempt to get parsing info during refresh. "On-the-fly" syntax checking information may be incorrect. [C:\Users\jswat\School_Projects\ECE485_FinalProject\ece485_final_cadet_stage2\pipeline_registers.vhdl:]
WARNING: [filemgmt 56-199] Attempt to get parsing info during refresh. "On-the-fly" syntax checking information may be incorrect. [C:\Users\jswat\School_Projects\ECE485_FinalProject\ece485_final_cadet_stage2\pipeline_registers.vhdl:]
WARNING: [filemgmt 56-199] Attempt to get parsing info during refresh. "On-the-fly" syntax checking information may be incorrect. [C:\Users\jswat\School_Projects\ECE485_FinalProject\ece485_final_cadet_stage2\pipeline_registers.vhdl:]
ERROR: [Common 17-180] Spawn failed: No error
launch_simulation
Command: launch_simulation 
INFO: [Vivado 12-12493] Simulation top is 'tb_riscv_pipeline'
WARNING: [Vivado 12-13340] Unable to auto find GCC executables from simulator install path! (path not set)
INFO: [Vivado 12-5682] Launching behavioral simulation in 'C:/Users/jswat/School_Projects/ECE485_FinalProject/ece485_final_cadet_stage2/ece485_final_cadet_stage2.sim/sim_1/behav/xsim'
INFO: [SIM-utils-51] Simulation object is 'sim_1'
INFO: [SIM-utils-72] Using boost library from 'C:/Xilinx2/Vivado/2024.2/tps/boost_1_72_0'
INFO: [SIM-utils-54] Inspecting design source files for 'tb_riscv_pipeline' in fileset 'sim_1'...
INFO: [USF-XSim-97] Finding global include files...
INFO: [USF-XSim-98] Fetching design files from 'sim_1'...
INFO: [USF-XSim-2] XSim::Compile design
INFO: [USF-XSim-61] Executing 'COMPILE and ANALYZE' step in 'C:/Users/jswat/School_Projects/ECE485_FinalProject/ece485_final_cadet_stage2/ece485_final_cadet_stage2.sim/sim_1/behav/xsim'
"xvhdl --incr --relax -prj tb_riscv_pipeline_vhdl.prj"
INFO: [VRFC 10-163] Analyzing VHDL file "C:/Users/jswat/School_Projects/ECE485_FinalProject/ece485_final_cadet_stage2/riscv_pipeline.vhdl" into library xil_defaultlib
INFO: [VRFC 10-3107] analyzing entity 'riscv_pipeline'
INFO: [USF-XSim-69] 'compile' step finished in '2' seconds
INFO: [USF-XSim-3] XSim::Elaborate design
INFO: [USF-XSim-61] Executing 'ELABORATE' step in 'C:/Users/jswat/School_Projects/ECE485_FinalProject/ece485_final_cadet_stage2/ece485_final_cadet_stage2.sim/sim_1/behav/xsim'
"xelab --incr --debug typical --relax --mt 2 -L xil_defaultlib -L secureip --snapshot tb_riscv_pipeline_behav xil_defaultlib.tb_riscv_pipeline -log elaborate.log"
Vivado Simulator v2024.2.0
Copyright 1986-2022 Xilinx, Inc. All Rights Reserved.
Copyright 2022-2024 Advanced Micro Devices, Inc. All Rights Reserved.
Running: C:/Xilinx2/Vivado/2024.2/bin/unwrapped/win64.o/xelab.exe --incr --debug typical --relax --mt 2 -L xil_defaultlib -L secureip --snapshot tb_riscv_pipeline_behav xil_defaultlib.tb_riscv_pipeline -log elaborate.log 
Using 2 slave threads.
Starting static elaboration
Completed static elaboration
Starting simulation data flow analysis
Completed simulation data flow analysis
Time Resolution for simulation is 1ps
Compiling package std.standard
Compiling package std.textio
Compiling package ieee.std_logic_1164
Compiling package ieee.numeric_std
Compiling architecture behavioral of entity xil_defaultlib.pc_live [pc_live_default]
Compiling architecture behavioral of entity xil_defaultlib.pipeline_registers [pipeline_registers_default]
Compiling architecture behavioral of entity xil_defaultlib.instr_mem [instr_mem_default]
Compiling architecture behavioral of entity xil_defaultlib.control_unit [control_unit_default]
Compiling architecture behavioral of entity xil_defaultlib.alu_control [alu_control_default]
Compiling architecture behavioral of entity xil_defaultlib.reg_file [reg_file_default]
Compiling architecture behavioral of entity xil_defaultlib.immediate_generator [immediate_generator_default]
Compiling architecture behavioral of entity xil_defaultlib.alu [alu_default]
Compiling architecture behavioral of entity xil_defaultlib.data_mem [data_mem_default]
Compiling architecture behavioral of entity xil_defaultlib.riscv_pipeline [riscv_pipeline_default]
Compiling architecture behavioral of entity xil_defaultlib.tb_riscv_pipeline
Built simulation snapshot tb_riscv_pipeline_behav
INFO: [USF-XSim-69] 'elaborate' step finished in '2' seconds
INFO: [USF-XSim-4] XSim::Simulate design
INFO: [USF-XSim-61] Executing 'SIMULATE' step in 'C:/Users/jswat/School_Projects/ECE485_FinalProject/ece485_final_cadet_stage2/ece485_final_cadet_stage2.sim/sim_1/behav/xsim'
INFO: [USF-XSim-98] *** Running xsim
   with args "tb_riscv_pipeline_behav -key {Behavioral:sim_1:Functional:tb_riscv_pipeline} -tclbatch {tb_riscv_pipeline.tcl} -view {C:/Users/jswat/School_Projects/ECE485_FinalProject/ece485_final_cadet_stage2/tb_riscv_pipeline_behav.wcfg} -log {simulate.log}"
INFO: [USF-XSim-8] Loading simulator feature
Time resolution is 1 ps
open_wave_config C:/Users/jswat/School_Projects/ECE485_FinalProject/ece485_final_cadet_stage2/tb_riscv_pipeline_behav.wcfg
source tb_riscv_pipeline.tcl
# set curr_wave [current_wave_config]
# if { [string length $curr_wave] == 0 } {
#   if { [llength [get_objects]] > 0} {
#     add_wave /
#     set_property needs_save false [current_wave_config]
#   } else {
#      send_msg_id Add_Wave-1 WARNING "No top level signals found. Simulator will start without a wave window. If you want to open a wave window go to 'File->New Waveform Configuration' or type 'create_wave_config' in the TCL console."
#   }
# }
# run 1000ns
INFO: [USF-XSim-96] XSim completed. Design snapshot 'tb_riscv_pipeline_behav' loaded.
INFO: [USF-XSim-97] XSim simulation ran for 1000ns
launch_simulation: Time (s): cpu = 00:00:05 ; elapsed = 00:00:08 . Memory (MB): peak = 2228.102 ; gain = 0.000
run 250 ns
run 250 ns
run 250 ns
close_sim
WARNING: [filemgmt 56-199] Attempt to get parsing info during refresh. "On-the-fly" syntax checking information may be incorrect. [C:\Users\jswat\School_Projects\ECE485_FinalProject\ece485_final_cadet_stage2\riscv_pipeline.vhdl:]
WARNING: [filemgmt 56-199] Attempt to get parsing info during refresh. "On-the-fly" syntax checking information may be incorrect. [C:\Users\jswat\School_Projects\ECE485_FinalProject\ece485_final_cadet_stage2\pipeline_registers.vhdl:]
WARNING: [filemgmt 56-199] Attempt to get parsing info during refresh. "On-the-fly" syntax checking information may be incorrect. [C:\Users\jswat\School_Projects\ECE485_FinalProject\ece485_final_cadet_stage2\pipeline_registers.vhdl:]
WARNING: [filemgmt 56-199] Attempt to get parsing info during refresh. "On-the-fly" syntax checking information may be incorrect. [C:\Users\jswat\School_Projects\ECE485_FinalProject\ece485_final_cadet_stage2\pipeline_registers.vhdl:]
INFO: [Simtcl 6-16] Simulation closed
ERROR: [Common 17-180] Spawn failed: No error
launch_simulation
Command: launch_simulation 
INFO: [Vivado 12-12493] Simulation top is 'tb_riscv_pipeline'
WARNING: [Vivado 12-13340] Unable to auto find GCC executables from simulator install path! (path not set)
INFO: [Vivado 12-5682] Launching behavioral simulation in 'C:/Users/jswat/School_Projects/ECE485_FinalProject/ece485_final_cadet_stage2/ece485_final_cadet_stage2.sim/sim_1/behav/xsim'
INFO: [SIM-utils-51] Simulation object is 'sim_1'
INFO: [SIM-utils-72] Using boost library from 'C:/Xilinx2/Vivado/2024.2/tps/boost_1_72_0'
INFO: [SIM-utils-54] Inspecting design source files for 'tb_riscv_pipeline' in fileset 'sim_1'...
INFO: [USF-XSim-97] Finding global include files...
INFO: [USF-XSim-98] Fetching design files from 'sim_1'...
INFO: [USF-XSim-2] XSim::Compile design
INFO: [USF-XSim-61] Executing 'COMPILE and ANALYZE' step in 'C:/Users/jswat/School_Projects/ECE485_FinalProject/ece485_final_cadet_stage2/ece485_final_cadet_stage2.sim/sim_1/behav/xsim'
"xvhdl --incr --relax -prj tb_riscv_pipeline_vhdl.prj"
INFO: [VRFC 10-163] Analyzing VHDL file "C:/Users/jswat/School_Projects/ECE485_FinalProject/ece485_final_cadet_stage2/riscv_pipeline.vhdl" into library xil_defaultlib
INFO: [VRFC 10-3107] analyzing entity 'riscv_pipeline'
INFO: [USF-XSim-69] 'compile' step finished in '1' seconds
INFO: [USF-XSim-3] XSim::Elaborate design
INFO: [USF-XSim-61] Executing 'ELABORATE' step in 'C:/Users/jswat/School_Projects/ECE485_FinalProject/ece485_final_cadet_stage2/ece485_final_cadet_stage2.sim/sim_1/behav/xsim'
"xelab --incr --debug typical --relax --mt 2 -L xil_defaultlib -L secureip --snapshot tb_riscv_pipeline_behav xil_defaultlib.tb_riscv_pipeline -log elaborate.log"
Vivado Simulator v2024.2.0
Copyright 1986-2022 Xilinx, Inc. All Rights Reserved.
Copyright 2022-2024 Advanced Micro Devices, Inc. All Rights Reserved.
Running: C:/Xilinx2/Vivado/2024.2/bin/unwrapped/win64.o/xelab.exe --incr --debug typical --relax --mt 2 -L xil_defaultlib -L secureip --snapshot tb_riscv_pipeline_behav xil_defaultlib.tb_riscv_pipeline -log elaborate.log 
Using 2 slave threads.
Starting static elaboration
Completed static elaboration
Starting simulation data flow analysis
Completed simulation data flow analysis
Time Resolution for simulation is 1ps
Compiling package std.standard
Compiling package std.textio
Compiling package ieee.std_logic_1164
Compiling package ieee.numeric_std
Compiling architecture behavioral of entity xil_defaultlib.pc_live [pc_live_default]
Compiling architecture behavioral of entity xil_defaultlib.pipeline_registers [pipeline_registers_default]
Compiling architecture behavioral of entity xil_defaultlib.instr_mem [instr_mem_default]
Compiling architecture behavioral of entity xil_defaultlib.control_unit [control_unit_default]
Compiling architecture behavioral of entity xil_defaultlib.alu_control [alu_control_default]
Compiling architecture behavioral of entity xil_defaultlib.reg_file [reg_file_default]
Compiling architecture behavioral of entity xil_defaultlib.immediate_generator [immediate_generator_default]
Compiling architecture behavioral of entity xil_defaultlib.alu [alu_default]
Compiling architecture behavioral of entity xil_defaultlib.data_mem [data_mem_default]
Compiling architecture behavioral of entity xil_defaultlib.riscv_pipeline [riscv_pipeline_default]
Compiling architecture behavioral of entity xil_defaultlib.tb_riscv_pipeline
Built simulation snapshot tb_riscv_pipeline_behav
INFO: [USF-XSim-69] 'elaborate' step finished in '3' seconds
INFO: [USF-XSim-4] XSim::Simulate design
INFO: [USF-XSim-61] Executing 'SIMULATE' step in 'C:/Users/jswat/School_Projects/ECE485_FinalProject/ece485_final_cadet_stage2/ece485_final_cadet_stage2.sim/sim_1/behav/xsim'
INFO: [USF-XSim-98] *** Running xsim
   with args "tb_riscv_pipeline_behav -key {Behavioral:sim_1:Functional:tb_riscv_pipeline} -tclbatch {tb_riscv_pipeline.tcl} -view {C:/Users/jswat/School_Projects/ECE485_FinalProject/ece485_final_cadet_stage2/tb_riscv_pipeline_behav.wcfg} -log {simulate.log}"
INFO: [USF-XSim-8] Loading simulator feature
Time resolution is 1 ps
open_wave_config C:/Users/jswat/School_Projects/ECE485_FinalProject/ece485_final_cadet_stage2/tb_riscv_pipeline_behav.wcfg
source tb_riscv_pipeline.tcl
# set curr_wave [current_wave_config]
# if { [string length $curr_wave] == 0 } {
#   if { [llength [get_objects]] > 0} {
#     add_wave /
#     set_property needs_save false [current_wave_config]
#   } else {
#      send_msg_id Add_Wave-1 WARNING "No top level signals found. Simulator will start without a wave window. If you want to open a wave window go to 'File->New Waveform Configuration' or type 'create_wave_config' in the TCL console."
#   }
# }
# run 1000ns
INFO: [USF-XSim-96] XSim completed. Design snapshot 'tb_riscv_pipeline_behav' loaded.
INFO: [USF-XSim-97] XSim simulation ran for 1000ns
launch_simulation: Time (s): cpu = 00:00:02 ; elapsed = 00:00:07 . Memory (MB): peak = 2228.102 ; gain = 0.000
WARNING: [filemgmt 56-199] Attempt to get parsing info during refresh. "On-the-fly" syntax checking information may be incorrect. [C:\Users\jswat\School_Projects\ECE485_FinalProject\ece485_final_cadet_stage2\riscv_pipeline.vhdl:]
WARNING: [filemgmt 56-199] Attempt to get parsing info during refresh. "On-the-fly" syntax checking information may be incorrect. [C:\Users\jswat\School_Projects\ECE485_FinalProject\ece485_final_cadet_stage2\pipeline_registers.vhdl:]
WARNING: [filemgmt 56-199] Attempt to get parsing info during refresh. "On-the-fly" syntax checking information may be incorrect. [C:\Users\jswat\School_Projects\ECE485_FinalProject\ece485_final_cadet_stage2\pipeline_registers.vhdl:]
WARNING: [filemgmt 56-199] Attempt to get parsing info during refresh. "On-the-fly" syntax checking information may be incorrect. [C:\Users\jswat\School_Projects\ECE485_FinalProject\ece485_final_cadet_stage2\pipeline_registers.vhdl:]
ERROR: [Common 17-180] Spawn failed: No error
WARNING: [filemgmt 56-199] Attempt to get parsing info during refresh. "On-the-fly" syntax checking information may be incorrect. [C:\Users\jswat\School_Projects\ECE485_FinalProject\ece485_final_cadet_stage2\riscv_pipeline.vhdl:]
WARNING: [filemgmt 56-199] Attempt to get parsing info during refresh. "On-the-fly" syntax checking information may be incorrect. [C:\Users\jswat\School_Projects\ECE485_FinalProject\ece485_final_cadet_stage2\pipeline_registers.vhdl:]
WARNING: [filemgmt 56-199] Attempt to get parsing info during refresh. "On-the-fly" syntax checking information may be incorrect. [C:\Users\jswat\School_Projects\ECE485_FinalProject\ece485_final_cadet_stage2\pipeline_registers.vhdl:]
WARNING: [filemgmt 56-199] Attempt to get parsing info during refresh. "On-the-fly" syntax checking information may be incorrect. [C:\Users\jswat\School_Projects\ECE485_FinalProject\ece485_final_cadet_stage2\pipeline_registers.vhdl:]
ERROR: [Common 17-180] Spawn failed: No error
WARNING: [filemgmt 56-199] Attempt to get parsing info during refresh. "On-the-fly" syntax checking information may be incorrect. [C:\Users\jswat\School_Projects\ECE485_FinalProject\ece485_final_cadet_stage2\riscv_pipeline.vhdl:]
WARNING: [filemgmt 56-199] Attempt to get parsing info during refresh. "On-the-fly" syntax checking information may be incorrect. [C:\Users\jswat\School_Projects\ECE485_FinalProject\ece485_final_cadet_stage2\pipeline_registers.vhdl:]
WARNING: [filemgmt 56-199] Attempt to get parsing info during refresh. "On-the-fly" syntax checking information may be incorrect. [C:\Users\jswat\School_Projects\ECE485_FinalProject\ece485_final_cadet_stage2\pipeline_registers.vhdl:]
WARNING: [filemgmt 56-199] Attempt to get parsing info during refresh. "On-the-fly" syntax checking information may be incorrect. [C:\Users\jswat\School_Projects\ECE485_FinalProject\ece485_final_cadet_stage2\pipeline_registers.vhdl:]
ERROR: [Common 17-180] Spawn failed: No error
WARNING: [filemgmt 56-199] Attempt to get parsing info during refresh. "On-the-fly" syntax checking information may be incorrect. [C:\Users\jswat\School_Projects\ECE485_FinalProject\ece485_final_cadet_stage2\riscv_pipeline.vhdl:]
WARNING: [filemgmt 56-199] Attempt to get parsing info during refresh. "On-the-fly" syntax checking information may be incorrect. [C:\Users\jswat\School_Projects\ECE485_FinalProject\ece485_final_cadet_stage2\pipeline_registers.vhdl:]
WARNING: [filemgmt 56-199] Attempt to get parsing info during refresh. "On-the-fly" syntax checking information may be incorrect. [C:\Users\jswat\School_Projects\ECE485_FinalProject\ece485_final_cadet_stage2\pipeline_registers.vhdl:]
WARNING: [filemgmt 56-199] Attempt to get parsing info during refresh. "On-the-fly" syntax checking information may be incorrect. [C:\Users\jswat\School_Projects\ECE485_FinalProject\ece485_final_cadet_stage2\pipeline_registers.vhdl:]
ERROR: [Common 17-180] Spawn failed: No error
WARNING: [filemgmt 56-199] Attempt to get parsing info during refresh. "On-the-fly" syntax checking information may be incorrect. [C:\Users\jswat\School_Projects\ECE485_FinalProject\ece485_final_cadet_stage2\riscv_pipeline.vhdl:]
WARNING: [filemgmt 56-199] Attempt to get parsing info during refresh. "On-the-fly" syntax checking information may be incorrect. [C:\Users\jswat\School_Projects\ECE485_FinalProject\ece485_final_cadet_stage2\pipeline_registers.vhdl:]
WARNING: [filemgmt 56-199] Attempt to get parsing info during refresh. "On-the-fly" syntax checking information may be incorrect. [C:\Users\jswat\School_Projects\ECE485_FinalProject\ece485_final_cadet_stage2\riscv_pipeline.vhdl:]
WARNING: [filemgmt 56-199] Attempt to get parsing info during refresh. "On-the-fly" syntax checking information may be incorrect. [C:\Users\jswat\School_Projects\ECE485_FinalProject\ece485_final_cadet_stage2\riscv_pipeline.vhdl:]
WARNING: [filemgmt 56-199] Attempt to get parsing info during refresh. "On-the-fly" syntax checking information may be incorrect. [C:\Users\jswat\School_Projects\ECE485_FinalProject\ece485_final_cadet_stage2\riscv_pipeline.vhdl:]
WARNING: [filemgmt 56-199] Attempt to get parsing info during refresh. "On-the-fly" syntax checking information may be incorrect. [C:\Users\jswat\School_Projects\ECE485_FinalProject\ece485_final_cadet_stage2\pipeline_registers.vhdl:]
WARNING: [filemgmt 56-199] Attempt to get parsing info during refresh. "On-the-fly" syntax checking information may be incorrect. [C:\Users\jswat\School_Projects\ECE485_FinalProject\ece485_final_cadet_stage2\pipeline_registers.vhdl:]
WARNING: [filemgmt 56-199] Attempt to get parsing info during refresh. "On-the-fly" syntax checking information may be incorrect. [C:\Users\jswat\School_Projects\ECE485_FinalProject\ece485_final_cadet_stage2\pipeline_registers.vhdl:]
WARNING: [filemgmt 56-199] Attempt to get parsing info during refresh. "On-the-fly" syntax checking information may be incorrect. [C:\Users\jswat\School_Projects\ECE485_FinalProject\ece485_final_cadet_stage2\riscv_pipeline.vhdl:]
WARNING: [filemgmt 56-199] Attempt to get parsing info during refresh. "On-the-fly" syntax checking information may be incorrect. [C:\Users\jswat\School_Projects\ECE485_FinalProject\ece485_final_cadet_stage2\pipeline_registers.vhdl:]
WARNING: [filemgmt 56-199] Attempt to get parsing info during refresh. "On-the-fly" syntax checking information may be incorrect. [C:\Users\jswat\School_Projects\ECE485_FinalProject\ece485_final_cadet_stage2\riscv_pipeline.vhdl:]
WARNING: [filemgmt 56-199] Attempt to get parsing info during refresh. "On-the-fly" syntax checking information may be incorrect. [C:\Users\jswat\School_Projects\ECE485_FinalProject\ece485_final_cadet_stage2\riscv_pipeline.vhdl:]
WARNING: [filemgmt 56-199] Attempt to get parsing info during refresh. "On-the-fly" syntax checking information may be incorrect. [C:\Users\jswat\School_Projects\ECE485_FinalProject\ece485_final_cadet_stage2\riscv_pipeline.vhdl:]
WARNING: [filemgmt 56-199] Attempt to get parsing info during refresh. "On-the-fly" syntax checking information may be incorrect. [C:\Users\jswat\School_Projects\ECE485_FinalProject\ece485_final_cadet_stage2\pipeline_registers.vhdl:]
WARNING: [filemgmt 56-199] Attempt to get parsing info during refresh. "On-the-fly" syntax checking information may be incorrect. [C:\Users\jswat\School_Projects\ECE485_FinalProject\ece485_final_cadet_stage2\riscv_pipeline.vhdl:]
WARNING: [filemgmt 56-199] Attempt to get parsing info during refresh. "On-the-fly" syntax checking information may be incorrect. [C:\Users\jswat\School_Projects\ECE485_FinalProject\ece485_final_cadet_stage2\riscv_pipeline.vhdl:]
ERROR: [Common 17-180] Spawn failed: No error
WARNING: [filemgmt 56-199] Attempt to get parsing info during refresh. "On-the-fly" syntax checking information may be incorrect. [C:\Users\jswat\School_Projects\ECE485_FinalProject\ece485_final_cadet_stage2\riscv_pipeline.vhdl:]
WARNING: [filemgmt 56-199] Attempt to get parsing info during refresh. "On-the-fly" syntax checking information may be incorrect. [C:\Users\jswat\School_Projects\ECE485_FinalProject\ece485_final_cadet_stage2\pipeline_registers.vhdl:]
WARNING: [filemgmt 56-199] Attempt to get parsing info during refresh. "On-the-fly" syntax checking information may be incorrect. [C:\Users\jswat\School_Projects\ECE485_FinalProject\ece485_final_cadet_stage2\pipeline_registers.vhdl:]
WARNING: [filemgmt 56-199] Attempt to get parsing info during refresh. "On-the-fly" syntax checking information may be incorrect. [C:\Users\jswat\School_Projects\ECE485_FinalProject\ece485_final_cadet_stage2\pipeline_registers.vhdl:]
ERROR: [Common 17-180] Spawn failed: No error
WARNING: [filemgmt 56-199] Attempt to get parsing info during refresh. "On-the-fly" syntax checking information may be incorrect. [C:\Users\jswat\School_Projects\ECE485_FinalProject\ece485_final_cadet_stage2\riscv_pipeline.vhdl:]
WARNING: [filemgmt 56-199] Attempt to get parsing info during refresh. "On-the-fly" syntax checking information may be incorrect. [C:\Users\jswat\School_Projects\ECE485_FinalProject\ece485_final_cadet_stage2\pipeline_registers.vhdl:]
WARNING: [filemgmt 56-199] Attempt to get parsing info during refresh. "On-the-fly" syntax checking information may be incorrect. [C:\Users\jswat\School_Projects\ECE485_FinalProject\ece485_final_cadet_stage2\pipeline_registers.vhdl:]
WARNING: [filemgmt 56-199] Attempt to get parsing info during refresh. "On-the-fly" syntax checking information may be incorrect. [C:\Users\jswat\School_Projects\ECE485_FinalProject\ece485_final_cadet_stage2\pipeline_registers.vhdl:]
ERROR: [Common 17-180] Spawn failed: No error
WARNING: [filemgmt 56-199] Attempt to get parsing info during refresh. "On-the-fly" syntax checking information may be incorrect. [C:\Users\jswat\School_Projects\ECE485_FinalProject\ece485_final_cadet_stage2\riscv_pipeline.vhdl:]
WARNING: [filemgmt 56-199] Attempt to get parsing info during refresh. "On-the-fly" syntax checking information may be incorrect. [C:\Users\jswat\School_Projects\ECE485_FinalProject\ece485_final_cadet_stage2\pipeline_registers.vhdl:]
WARNING: [filemgmt 56-199] Attempt to get parsing info during refresh. "On-the-fly" syntax checking information may be incorrect. [C:\Users\jswat\School_Projects\ECE485_FinalProject\ece485_final_cadet_stage2\pipeline_registers.vhdl:]
WARNING: [filemgmt 56-199] Attempt to get parsing info during refresh. "On-the-fly" syntax checking information may be incorrect. [C:\Users\jswat\School_Projects\ECE485_FinalProject\ece485_final_cadet_stage2\pipeline_registers.vhdl:]
ERROR: [Common 17-180] Spawn failed: No error
WARNING: [filemgmt 56-199] Attempt to get parsing info during refresh. "On-the-fly" syntax checking information may be incorrect. [C:\Users\jswat\School_Projects\ECE485_FinalProject\ece485_final_cadet_stage2\riscv_pipeline.vhdl:]
WARNING: [filemgmt 56-199] Attempt to get parsing info during refresh. "On-the-fly" syntax checking information may be incorrect. [C:\Users\jswat\School_Projects\ECE485_FinalProject\ece485_final_cadet_stage2\pipeline_registers.vhdl:]
WARNING: [filemgmt 56-199] Attempt to get parsing info during refresh. "On-the-fly" syntax checking information may be incorrect. [C:\Users\jswat\School_Projects\ECE485_FinalProject\ece485_final_cadet_stage2\pipeline_registers.vhdl:]
WARNING: [filemgmt 56-199] Attempt to get parsing info during refresh. "On-the-fly" syntax checking information may be incorrect. [C:\Users\jswat\School_Projects\ECE485_FinalProject\ece485_final_cadet_stage2\pipeline_registers.vhdl:]
ERROR: [Common 17-180] Spawn failed: No error
WARNING: [filemgmt 56-199] Attempt to get parsing info during refresh. "On-the-fly" syntax checking information may be incorrect. [C:\Users\jswat\School_Projects\ECE485_FinalProject\ece485_final_cadet_stage2\riscv_pipeline.vhdl:]
WARNING: [filemgmt 56-199] Attempt to get parsing info during refresh. "On-the-fly" syntax checking information may be incorrect. [C:\Users\jswat\School_Projects\ECE485_FinalProject\ece485_final_cadet_stage2\pipeline_registers.vhdl:]
WARNING: [filemgmt 56-199] Attempt to get parsing info during refresh. "On-the-fly" syntax checking information may be incorrect. [C:\Users\jswat\School_Projects\ECE485_FinalProject\ece485_final_cadet_stage2\riscv_pipeline.vhdl:]
WARNING: [filemgmt 56-199] Attempt to get parsing info during refresh. "On-the-fly" syntax checking information may be incorrect. [C:\Users\jswat\School_Projects\ECE485_FinalProject\ece485_final_cadet_stage2\riscv_pipeline.vhdl:]
WARNING: [filemgmt 56-199] Attempt to get parsing info during refresh. "On-the-fly" syntax checking information may be incorrect. [C:\Users\jswat\School_Projects\ECE485_FinalProject\ece485_final_cadet_stage2\riscv_pipeline.vhdl:]
WARNING: [filemgmt 56-199] Attempt to get parsing info during refresh. "On-the-fly" syntax checking information may be incorrect. [C:\Users\jswat\School_Projects\ECE485_FinalProject\ece485_final_cadet_stage2\pipeline_registers.vhdl:]
WARNING: [filemgmt 56-199] Attempt to get parsing info during refresh. "On-the-fly" syntax checking information may be incorrect. [C:\Users\jswat\School_Projects\ECE485_FinalProject\ece485_final_cadet_stage2\pipeline_registers.vhdl:]
WARNING: [filemgmt 56-199] Attempt to get parsing info during refresh. "On-the-fly" syntax checking information may be incorrect. [C:\Users\jswat\School_Projects\ECE485_FinalProject\ece485_final_cadet_stage2\pipeline_registers.vhdl:]
ERROR: [Common 17-180] Spawn failed: No error
WARNING: [filemgmt 56-199] Attempt to get parsing info during refresh. "On-the-fly" syntax checking information may be incorrect. [C:\Users\jswat\School_Projects\ECE485_FinalProject\ece485_final_cadet_stage2\riscv_pipeline.vhdl:]
WARNING: [filemgmt 56-199] Attempt to get parsing info during refresh. "On-the-fly" syntax checking information may be incorrect. [C:\Users\jswat\School_Projects\ECE485_FinalProject\ece485_final_cadet_stage2\pipeline_registers.vhdl:]
WARNING: [filemgmt 56-199] Attempt to get parsing info during refresh. "On-the-fly" syntax checking information may be incorrect. [C:\Users\jswat\School_Projects\ECE485_FinalProject\ece485_final_cadet_stage2\pipeline_registers.vhdl:]
WARNING: [filemgmt 56-199] Attempt to get parsing info during refresh. "On-the-fly" syntax checking information may be incorrect. [C:\Users\jswat\School_Projects\ECE485_FinalProject\ece485_final_cadet_stage2\pipeline_registers.vhdl:]
ERROR: [Common 17-180] Spawn failed: No error
WARNING: [filemgmt 56-199] Attempt to get parsing info during refresh. "On-the-fly" syntax checking information may be incorrect. [C:\Users\jswat\School_Projects\ECE485_FinalProject\ece485_final_cadet_stage2\riscv_pipeline.vhdl:]
WARNING: [filemgmt 56-199] Attempt to get parsing info during refresh. "On-the-fly" syntax checking information may be incorrect. [C:\Users\jswat\School_Projects\ECE485_FinalProject\ece485_final_cadet_stage2\pipeline_registers.vhdl:]
WARNING: [filemgmt 56-199] Attempt to get parsing info during refresh. "On-the-fly" syntax checking information may be incorrect. [C:\Users\jswat\School_Projects\ECE485_FinalProject\ece485_final_cadet_stage2\pipeline_registers.vhdl:]
WARNING: [filemgmt 56-199] Attempt to get parsing info during refresh. "On-the-fly" syntax checking information may be incorrect. [C:\Users\jswat\School_Projects\ECE485_FinalProject\ece485_final_cadet_stage2\pipeline_registers.vhdl:]
ERROR: [Common 17-180] Spawn failed: No error
WARNING: [filemgmt 56-199] Attempt to get parsing info during refresh. "On-the-fly" syntax checking information may be incorrect. [C:\Users\jswat\School_Projects\ECE485_FinalProject\ece485_final_cadet_stage2\riscv_pipeline.vhdl:]
WARNING: [filemgmt 56-199] Attempt to get parsing info during refresh. "On-the-fly" syntax checking information may be incorrect. [C:\Users\jswat\School_Projects\ECE485_FinalProject\ece485_final_cadet_stage2\pipeline_registers.vhdl:]
WARNING: [filemgmt 56-199] Attempt to get parsing info during refresh. "On-the-fly" syntax checking information may be incorrect. [C:\Users\jswat\School_Projects\ECE485_FinalProject\ece485_final_cadet_stage2\pipeline_registers.vhdl:]
WARNING: [filemgmt 56-199] Attempt to get parsing info during refresh. "On-the-fly" syntax checking information may be incorrect. [C:\Users\jswat\School_Projects\ECE485_FinalProject\ece485_final_cadet_stage2\pipeline_registers.vhdl:]
ERROR: [Common 17-180] Spawn failed: No error
WARNING: [filemgmt 56-199] Attempt to get parsing info during refresh. "On-the-fly" syntax checking information may be incorrect. [C:\Users\jswat\School_Projects\ECE485_FinalProject\ece485_final_cadet_stage2\riscv_pipeline.vhdl:]
WARNING: [filemgmt 56-199] Attempt to get parsing info during refresh. "On-the-fly" syntax checking information may be incorrect. [C:\Users\jswat\School_Projects\ECE485_FinalProject\ece485_final_cadet_stage2\pipeline_registers.vhdl:]
WARNING: [filemgmt 56-199] Attempt to get parsing info during refresh. "On-the-fly" syntax checking information may be incorrect. [C:\Users\jswat\School_Projects\ECE485_FinalProject\ece485_final_cadet_stage2\pipeline_registers.vhdl:]
WARNING: [filemgmt 56-199] Attempt to get parsing info during refresh. "On-the-fly" syntax checking information may be incorrect. [C:\Users\jswat\School_Projects\ECE485_FinalProject\ece485_final_cadet_stage2\pipeline_registers.vhdl:]
WARNING: [filemgmt 56-199] Attempt to get parsing info during refresh. "On-the-fly" syntax checking information may be incorrect. [C:\Users\jswat\School_Projects\ECE485_FinalProject\ece485_final_cadet_stage2\riscv_pipeline.vhdl:]
WARNING: [filemgmt 56-199] Attempt to get parsing info during refresh. "On-the-fly" syntax checking information may be incorrect. [C:\Users\jswat\School_Projects\ECE485_FinalProject\ece485_final_cadet_stage2\pipeline_registers.vhdl:]
WARNING: [filemgmt 56-199] Attempt to get parsing info during refresh. "On-the-fly" syntax checking information may be incorrect. [C:\Users\jswat\School_Projects\ECE485_FinalProject\ece485_final_cadet_stage2\riscv_pipeline.vhdl:]
WARNING: [filemgmt 56-199] Attempt to get parsing info during refresh. "On-the-fly" syntax checking information may be incorrect. [C:\Users\jswat\School_Projects\ECE485_FinalProject\ece485_final_cadet_stage2\riscv_pipeline.vhdl:]
WARNING: [filemgmt 56-199] Attempt to get parsing info during refresh. "On-the-fly" syntax checking information may be incorrect. [C:\Users\jswat\School_Projects\ECE485_FinalProject\ece485_final_cadet_stage2\riscv_pipeline.vhdl:]
WARNING: [filemgmt 56-199] Attempt to get parsing info during refresh. "On-the-fly" syntax checking information may be incorrect. [C:\Users\jswat\School_Projects\ECE485_FinalProject\ece485_final_cadet_stage2\pipeline_registers.vhdl:]
WARNING: [filemgmt 56-199] Attempt to get parsing info during refresh. "On-the-fly" syntax checking information may be incorrect. [C:\Users\jswat\School_Projects\ECE485_FinalProject\ece485_final_cadet_stage2\pipeline_registers.vhdl:]
WARNING: [filemgmt 56-199] Attempt to get parsing info during refresh. "On-the-fly" syntax checking information may be incorrect. [C:\Users\jswat\School_Projects\ECE485_FinalProject\ece485_final_cadet_stage2\pipeline_registers.vhdl:]
ERROR: [Common 17-180] Spawn failed: No error
WARNING: [filemgmt 56-199] Attempt to get parsing info during refresh. "On-the-fly" syntax checking information may be incorrect. [C:\Users\jswat\School_Projects\ECE485_FinalProject\ece485_final_cadet_stage2\riscv_pipeline.vhdl:]
WARNING: [filemgmt 56-199] Attempt to get parsing info during refresh. "On-the-fly" syntax checking information may be incorrect. [C:\Users\jswat\School_Projects\ECE485_FinalProject\ece485_final_cadet_stage2\pipeline_registers.vhdl:]
WARNING: [filemgmt 56-199] Attempt to get parsing info during refresh. "On-the-fly" syntax checking information may be incorrect. [C:\Users\jswat\School_Projects\ECE485_FinalProject\ece485_final_cadet_stage2\riscv_pipeline.vhdl:]
WARNING: [filemgmt 56-199] Attempt to get parsing info during refresh. "On-the-fly" syntax checking information may be incorrect. [C:\Users\jswat\School_Projects\ECE485_FinalProject\ece485_final_cadet_stage2\riscv_pipeline.vhdl:]
ERROR: [Common 17-180] Spawn failed: No error
WARNING: [filemgmt 56-199] Attempt to get parsing info during refresh. "On-the-fly" syntax checking information may be incorrect. [C:\Users\jswat\School_Projects\ECE485_FinalProject\ece485_final_cadet_stage2\riscv_pipeline.vhdl:]
WARNING: [filemgmt 56-199] Attempt to get parsing info during refresh. "On-the-fly" syntax checking information may be incorrect. [C:\Users\jswat\School_Projects\ECE485_FinalProject\ece485_final_cadet_stage2\pipeline_registers.vhdl:]
WARNING: [filemgmt 56-199] Attempt to get parsing info during refresh. "On-the-fly" syntax checking information may be incorrect. [C:\Users\jswat\School_Projects\ECE485_FinalProject\ece485_final_cadet_stage2\pipeline_registers.vhdl:]
WARNING: [filemgmt 56-199] Attempt to get parsing info during refresh. "On-the-fly" syntax checking information may be incorrect. [C:\Users\jswat\School_Projects\ECE485_FinalProject\ece485_final_cadet_stage2\pipeline_registers.vhdl:]
ERROR: [Common 17-180] Spawn failed: No error
WARNING: [filemgmt 56-199] Attempt to get parsing info during refresh. "On-the-fly" syntax checking information may be incorrect. [C:\Users\jswat\School_Projects\ECE485_FinalProject\ece485_final_cadet_stage2\riscv_pipeline.vhdl:]
WARNING: [filemgmt 56-199] Attempt to get parsing info during refresh. "On-the-fly" syntax checking information may be incorrect. [C:\Users\jswat\School_Projects\ECE485_FinalProject\ece485_final_cadet_stage2\pipeline_registers.vhdl:]
WARNING: [filemgmt 56-199] Attempt to get parsing info during refresh. "On-the-fly" syntax checking information may be incorrect. [C:\Users\jswat\School_Projects\ECE485_FinalProject\ece485_final_cadet_stage2\pipeline_registers.vhdl:]
WARNING: [filemgmt 56-199] Attempt to get parsing info during refresh. "On-the-fly" syntax checking information may be incorrect. [C:\Users\jswat\School_Projects\ECE485_FinalProject\ece485_final_cadet_stage2\pipeline_registers.vhdl:]
ERROR: [Common 17-180] Spawn failed: No error
WARNING: [filemgmt 56-199] Attempt to get parsing info during refresh. "On-the-fly" syntax checking information may be incorrect. [C:\Users\jswat\School_Projects\ECE485_FinalProject\ece485_final_cadet_stage2\riscv_pipeline.vhdl:]
WARNING: [filemgmt 56-199] Attempt to get parsing info during refresh. "On-the-fly" syntax checking information may be incorrect. [C:\Users\jswat\School_Projects\ECE485_FinalProject\ece485_final_cadet_stage2\pipeline_registers.vhdl:]
WARNING: [filemgmt 56-199] Attempt to get parsing info during refresh. "On-the-fly" syntax checking information may be incorrect. [C:\Users\jswat\School_Projects\ECE485_FinalProject\ece485_final_cadet_stage2\pipeline_registers.vhdl:]
WARNING: [filemgmt 56-199] Attempt to get parsing info during refresh. "On-the-fly" syntax checking information may be incorrect. [C:\Users\jswat\School_Projects\ECE485_FinalProject\ece485_final_cadet_stage2\pipeline_registers.vhdl:]
ERROR: [Common 17-180] Spawn failed: No error
WARNING: [filemgmt 56-199] Attempt to get parsing info during refresh. "On-the-fly" syntax checking information may be incorrect. [C:\Users\jswat\School_Projects\ECE485_FinalProject\ece485_final_cadet_stage2\riscv_pipeline.vhdl:]
WARNING: [filemgmt 56-199] Attempt to get parsing info during refresh. "On-the-fly" syntax checking information may be incorrect. [C:\Users\jswat\School_Projects\ECE485_FinalProject\ece485_final_cadet_stage2\pipeline_registers.vhdl:]
WARNING: [filemgmt 56-199] Attempt to get parsing info during refresh. "On-the-fly" syntax checking information may be incorrect. [C:\Users\jswat\School_Projects\ECE485_FinalProject\ece485_final_cadet_stage2\pipeline_registers.vhdl:]
WARNING: [filemgmt 56-199] Attempt to get parsing info during refresh. "On-the-fly" syntax checking information may be incorrect. [C:\Users\jswat\School_Projects\ECE485_FinalProject\ece485_final_cadet_stage2\pipeline_registers.vhdl:]
ERROR: [Common 17-180] Spawn failed: No error
close_sim
INFO: [Simtcl 6-16] Simulation closed
launch_simulation
Command: launch_simulation 
INFO: [Vivado 12-12493] Simulation top is 'tb_riscv_pipeline'
WARNING: [Vivado 12-13340] Unable to auto find GCC executables from simulator install path! (path not set)
INFO: [Vivado 12-5682] Launching behavioral simulation in 'C:/Users/jswat/School_Projects/ECE485_FinalProject/ece485_final_cadet_stage2/ece485_final_cadet_stage2.sim/sim_1/behav/xsim'
INFO: [SIM-utils-51] Simulation object is 'sim_1'
INFO: [SIM-utils-72] Using boost library from 'C:/Xilinx2/Vivado/2024.2/tps/boost_1_72_0'
INFO: [SIM-utils-54] Inspecting design source files for 'tb_riscv_pipeline' in fileset 'sim_1'...
INFO: [USF-XSim-97] Finding global include files...
INFO: [USF-XSim-98] Fetching design files from 'sim_1'...
INFO: [USF-XSim-2] XSim::Compile design
INFO: [USF-XSim-61] Executing 'COMPILE and ANALYZE' step in 'C:/Users/jswat/School_Projects/ECE485_FinalProject/ece485_final_cadet_stage2/ece485_final_cadet_stage2.sim/sim_1/behav/xsim'
"xvhdl --incr --relax -prj tb_riscv_pipeline_vhdl.prj"
INFO: [VRFC 10-163] Analyzing VHDL file "C:/Users/jswat/School_Projects/ECE485_FinalProject/ece485_final_cadet_stage2/pipeline_registers.vhdl" into library xil_defaultlib
INFO: [VRFC 10-3107] analyzing entity 'pipeline_registers'
INFO: [VRFC 10-163] Analyzing VHDL file "C:/Users/jswat/School_Projects/ECE485_FinalProject/ece485_final_cadet_stage2/riscv_pipeline.vhdl" into library xil_defaultlib
INFO: [VRFC 10-3107] analyzing entity 'riscv_pipeline'
INFO: [USF-XSim-69] 'compile' step finished in '2' seconds
INFO: [USF-XSim-3] XSim::Elaborate design
INFO: [USF-XSim-61] Executing 'ELABORATE' step in 'C:/Users/jswat/School_Projects/ECE485_FinalProject/ece485_final_cadet_stage2/ece485_final_cadet_stage2.sim/sim_1/behav/xsim'
"xelab --incr --debug typical --relax --mt 2 -L xil_defaultlib -L secureip --snapshot tb_riscv_pipeline_behav xil_defaultlib.tb_riscv_pipeline -log elaborate.log"
Vivado Simulator v2024.2.0
Copyright 1986-2022 Xilinx, Inc. All Rights Reserved.
Copyright 2022-2024 Advanced Micro Devices, Inc. All Rights Reserved.
Running: C:/Xilinx2/Vivado/2024.2/bin/unwrapped/win64.o/xelab.exe --incr --debug typical --relax --mt 2 -L xil_defaultlib -L secureip --snapshot tb_riscv_pipeline_behav xil_defaultlib.tb_riscv_pipeline -log elaborate.log 
Using 2 slave threads.
Starting static elaboration
ERROR: [VRFC 10-8350] formal port 'if_id_reg_write' of mode 'inout' cannot be associated with actual port 'if_id_reg_write' of mode 'in' [C:/Users/jswat/School_Projects/ECE485_FinalProject/ece485_final_cadet_stage2/riscv_pipeline.vhdl:179]
ERROR: [VRFC 10-8350] formal port 'if_id_alu_src' of mode 'inout' cannot be associated with actual port 'if_id_alu_src' of mode 'in' [C:/Users/jswat/School_Projects/ECE485_FinalProject/ece485_final_cadet_stage2/riscv_pipeline.vhdl:180]
ERROR: [VRFC 10-8350] formal port 'if_id_mem_read' of mode 'inout' cannot be associated with actual port 'if_id_mem_read' of mode 'in' [C:/Users/jswat/School_Projects/ECE485_FinalProject/ece485_final_cadet_stage2/riscv_pipeline.vhdl:181]
ERROR: [VRFC 10-8350] formal port 'if_id_mem_write' of mode 'inout' cannot be associated with actual port 'if_id_mem_write' of mode 'in' [C:/Users/jswat/School_Projects/ECE485_FinalProject/ece485_final_cadet_stage2/riscv_pipeline.vhdl:182]
ERROR: [VRFC 10-8350] formal port 'if_id_branch' of mode 'inout' cannot be associated with actual port 'if_id_branch' of mode 'in' [C:/Users/jswat/School_Projects/ECE485_FinalProject/ece485_final_cadet_stage2/riscv_pipeline.vhdl:183]
ERROR: [VRFC 10-8350] formal port 'if_id_jump' of mode 'inout' cannot be associated with actual port 'if_id_jump' of mode 'in' [C:/Users/jswat/School_Projects/ECE485_FinalProject/ece485_final_cadet_stage2/riscv_pipeline.vhdl:184]
ERROR: [VRFC 10-8350] formal port 'if_id_load_addr' of mode 'inout' cannot be associated with actual port 'if_id_load_addr' of mode 'in' [C:/Users/jswat/School_Projects/ECE485_FinalProject/ece485_final_cadet_stage2/riscv_pipeline.vhdl:185]
ERROR: [VRFC 10-8350] formal port 'if_id_instr' of mode 'inout' cannot be associated with actual port 'if_id_instr' of mode 'in' [C:/Users/jswat/School_Projects/ECE485_FinalProject/ece485_final_cadet_stage2/riscv_pipeline.vhdl:186]
ERROR: [VRFC 10-8350] formal port 'if_id_npc' of mode 'inout' cannot be associated with actual port 'if_id_npc' of mode 'in' [C:/Users/jswat/School_Projects/ECE485_FinalProject/ece485_final_cadet_stage2/riscv_pipeline.vhdl:190]
ERROR: [VRFC 10-8350] formal port 'if_id_rd' of mode 'inout' cannot be associated with actual port 'if_id_rd' of mode 'in' [C:/Users/jswat/School_Projects/ECE485_FinalProject/ece485_final_cadet_stage2/riscv_pipeline.vhdl:188]
ERROR: [VRFC 10-8350] formal port 'if_id_alu_op' of mode 'inout' cannot be associated with actual port 'if_id_alu_op' of mode 'in' [C:/Users/jswat/School_Projects/ECE485_FinalProject/ece485_final_cadet_stage2/riscv_pipeline.vhdl:189]
ERROR: [VRFC 10-8350] formal port 'id_ex_instr' of mode 'inout' cannot be associated with actual port 'id_ex_instr' of mode 'out' [C:/Users/jswat/School_Projects/ECE485_FinalProject/ece485_final_cadet_stage2/riscv_pipeline.vhdl:203]
ERROR: [XSIM 43-3321] Static elaboration of top level VHDL design unit tb_riscv_pipeline in library work failed.
INFO: [USF-XSim-69] 'elaborate' step finished in '1' seconds
INFO: [USF-XSim-99] Step results log file:'C:/Users/jswat/School_Projects/ECE485_FinalProject/ece485_final_cadet_stage2/ece485_final_cadet_stage2.sim/sim_1/behav/xsim/elaborate.log'
ERROR: [USF-XSim-62] 'elaborate' step failed with error(s). Please check the Tcl console output or 'C:/Users/jswat/School_Projects/ECE485_FinalProject/ece485_final_cadet_stage2/ece485_final_cadet_stage2.sim/sim_1/behav/xsim/elaborate.log' file for more information.
ERROR: [Vivado 12-4473] Detected error while running simulation. Please correct the issue and retry this operation.
ERROR: [Common 17-39] 'launch_simulation' failed due to earlier errors.
WARNING: [filemgmt 56-199] Attempt to get parsing info during refresh. "On-the-fly" syntax checking information may be incorrect. [C:\Users\jswat\School_Projects\ECE485_FinalProject\ece485_final_cadet_stage2\riscv_pipeline.vhdl:]
WARNING: [filemgmt 56-199] Attempt to get parsing info during refresh. "On-the-fly" syntax checking information may be incorrect. [C:\Users\jswat\School_Projects\ECE485_FinalProject\ece485_final_cadet_stage2\pipeline_registers.vhdl:]
WARNING: [filemgmt 56-199] Attempt to get parsing info during refresh. "On-the-fly" syntax checking information may be incorrect. [C:\Users\jswat\School_Projects\ECE485_FinalProject\ece485_final_cadet_stage2\pipeline_registers.vhdl:]
WARNING: [filemgmt 56-199] Attempt to get parsing info during refresh. "On-the-fly" syntax checking information may be incorrect. [C:\Users\jswat\School_Projects\ECE485_FinalProject\ece485_final_cadet_stage2\pipeline_registers.vhdl:]
ERROR: [Common 17-180] Spawn failed: No error
launch_simulation
Command: launch_simulation 
INFO: [Vivado 12-12493] Simulation top is 'tb_riscv_pipeline'
WARNING: [Vivado 12-13340] Unable to auto find GCC executables from simulator install path! (path not set)
INFO: [Vivado 12-5682] Launching behavioral simulation in 'C:/Users/jswat/School_Projects/ECE485_FinalProject/ece485_final_cadet_stage2/ece485_final_cadet_stage2.sim/sim_1/behav/xsim'
INFO: [SIM-utils-51] Simulation object is 'sim_1'
INFO: [SIM-utils-72] Using boost library from 'C:/Xilinx2/Vivado/2024.2/tps/boost_1_72_0'
INFO: [SIM-utils-54] Inspecting design source files for 'tb_riscv_pipeline' in fileset 'sim_1'...
INFO: [USF-XSim-97] Finding global include files...
INFO: [USF-XSim-98] Fetching design files from 'sim_1'...
INFO: [USF-XSim-2] XSim::Compile design
INFO: [USF-XSim-61] Executing 'COMPILE and ANALYZE' step in 'C:/Users/jswat/School_Projects/ECE485_FinalProject/ece485_final_cadet_stage2/ece485_final_cadet_stage2.sim/sim_1/behav/xsim'
"xvhdl --incr --relax -prj tb_riscv_pipeline_vhdl.prj"
INFO: [VRFC 10-163] Analyzing VHDL file "C:/Users/jswat/School_Projects/ECE485_FinalProject/ece485_final_cadet_stage2/riscv_pipeline.vhdl" into library xil_defaultlib
INFO: [VRFC 10-3107] analyzing entity 'riscv_pipeline'
INFO: [USF-XSim-69] 'compile' step finished in '2' seconds
INFO: [USF-XSim-3] XSim::Elaborate design
INFO: [USF-XSim-61] Executing 'ELABORATE' step in 'C:/Users/jswat/School_Projects/ECE485_FinalProject/ece485_final_cadet_stage2/ece485_final_cadet_stage2.sim/sim_1/behav/xsim'
"xelab --incr --debug typical --relax --mt 2 -L xil_defaultlib -L secureip --snapshot tb_riscv_pipeline_behav xil_defaultlib.tb_riscv_pipeline -log elaborate.log"
Vivado Simulator v2024.2.0
Copyright 1986-2022 Xilinx, Inc. All Rights Reserved.
Copyright 2022-2024 Advanced Micro Devices, Inc. All Rights Reserved.
Running: C:/Xilinx2/Vivado/2024.2/bin/unwrapped/win64.o/xelab.exe --incr --debug typical --relax --mt 2 -L xil_defaultlib -L secureip --snapshot tb_riscv_pipeline_behav xil_defaultlib.tb_riscv_pipeline -log elaborate.log 
Using 2 slave threads.
Starting static elaboration
ERROR: [VRFC 10-8350] formal port 'id_ex_instr' of mode 'inout' cannot be associated with actual port 'id_ex_instr' of mode 'out' [C:/Users/jswat/School_Projects/ECE485_FinalProject/ece485_final_cadet_stage2/riscv_pipeline.vhdl:204]
ERROR: [XSIM 43-3321] Static elaboration of top level VHDL design unit tb_riscv_pipeline in library work failed.
INFO: [USF-XSim-69] 'elaborate' step finished in '2' seconds
INFO: [USF-XSim-99] Step results log file:'C:/Users/jswat/School_Projects/ECE485_FinalProject/ece485_final_cadet_stage2/ece485_final_cadet_stage2.sim/sim_1/behav/xsim/elaborate.log'
ERROR: [USF-XSim-62] 'elaborate' step failed with error(s). Please check the Tcl console output or 'C:/Users/jswat/School_Projects/ECE485_FinalProject/ece485_final_cadet_stage2/ece485_final_cadet_stage2.sim/sim_1/behav/xsim/elaborate.log' file for more information.
ERROR: [Vivado 12-4473] Detected error while running simulation. Please correct the issue and retry this operation.
ERROR: [Common 17-39] 'launch_simulation' failed due to earlier errors.
WARNING: [filemgmt 56-199] Attempt to get parsing info during refresh. "On-the-fly" syntax checking information may be incorrect. [C:\Users\jswat\School_Projects\ECE485_FinalProject\ece485_final_cadet_stage2\riscv_pipeline.vhdl:]
WARNING: [filemgmt 56-199] Attempt to get parsing info during refresh. "On-the-fly" syntax checking information may be incorrect. [C:\Users\jswat\School_Projects\ECE485_FinalProject\ece485_final_cadet_stage2\pipeline_registers.vhdl:]
WARNING: [filemgmt 56-199] Attempt to get parsing info during refresh. "On-the-fly" syntax checking information may be incorrect. [C:\Users\jswat\School_Projects\ECE485_FinalProject\ece485_final_cadet_stage2\pipeline_registers.vhdl:]
WARNING: [filemgmt 56-199] Attempt to get parsing info during refresh. "On-the-fly" syntax checking information may be incorrect. [C:\Users\jswat\School_Projects\ECE485_FinalProject\ece485_final_cadet_stage2\pipeline_registers.vhdl:]
ERROR: [Common 17-180] Spawn failed: No error
WARNING: [filemgmt 56-199] Attempt to get parsing info during refresh. "On-the-fly" syntax checking information may be incorrect. [C:\Users\jswat\School_Projects\ECE485_FinalProject\ece485_final_cadet_stage2\riscv_pipeline.vhdl:]
WARNING: [filemgmt 56-199] Attempt to get parsing info during refresh. "On-the-fly" syntax checking information may be incorrect. [C:\Users\jswat\School_Projects\ECE485_FinalProject\ece485_final_cadet_stage2\pipeline_registers.vhdl:]
WARNING: [filemgmt 56-199] Attempt to get parsing info during refresh. "On-the-fly" syntax checking information may be incorrect. [C:\Users\jswat\School_Projects\ECE485_FinalProject\ece485_final_cadet_stage2\pipeline_registers.vhdl:]
WARNING: [filemgmt 56-199] Attempt to get parsing info during refresh. "On-the-fly" syntax checking information may be incorrect. [C:\Users\jswat\School_Projects\ECE485_FinalProject\ece485_final_cadet_stage2\pipeline_registers.vhdl:]
ERROR: [Common 17-180] Spawn failed: No error
launch_simulation
Command: launch_simulation 
INFO: [Vivado 12-12493] Simulation top is 'tb_riscv_pipeline'
WARNING: [Vivado 12-13340] Unable to auto find GCC executables from simulator install path! (path not set)
INFO: [Vivado 12-5682] Launching behavioral simulation in 'C:/Users/jswat/School_Projects/ECE485_FinalProject/ece485_final_cadet_stage2/ece485_final_cadet_stage2.sim/sim_1/behav/xsim'
INFO: [SIM-utils-51] Simulation object is 'sim_1'
INFO: [SIM-utils-72] Using boost library from 'C:/Xilinx2/Vivado/2024.2/tps/boost_1_72_0'
INFO: [SIM-utils-54] Inspecting design source files for 'tb_riscv_pipeline' in fileset 'sim_1'...
INFO: [USF-XSim-97] Finding global include files...
INFO: [USF-XSim-98] Fetching design files from 'sim_1'...
INFO: [USF-XSim-2] XSim::Compile design
INFO: [USF-XSim-61] Executing 'COMPILE and ANALYZE' step in 'C:/Users/jswat/School_Projects/ECE485_FinalProject/ece485_final_cadet_stage2/ece485_final_cadet_stage2.sim/sim_1/behav/xsim'
"xvhdl --incr --relax -prj tb_riscv_pipeline_vhdl.prj"
INFO: [VRFC 10-163] Analyzing VHDL file "C:/Users/jswat/School_Projects/ECE485_FinalProject/ece485_final_cadet_stage2/pipeline_registers.vhdl" into library xil_defaultlib
INFO: [VRFC 10-3107] analyzing entity 'pipeline_registers'
ERROR: [VRFC 10-8820] cannot read from 'out' object 'id_ex_reg1_data'; use 'buffer' or 'inout' instead [C:/Users/jswat/School_Projects/ECE485_FinalProject/ece485_final_cadet_stage2/pipeline_registers.vhdl:192]
ERROR: [VRFC 10-8820] cannot read from 'out' object 'id_ex_reg2_data'; use 'buffer' or 'inout' instead [C:/Users/jswat/School_Projects/ECE485_FinalProject/ece485_final_cadet_stage2/pipeline_registers.vhdl:193]
ERROR: [VRFC 10-9458] unit 'behavioral' is ignored due to previous errors [C:/Users/jswat/School_Projects/ECE485_FinalProject/ece485_final_cadet_stage2/pipeline_registers.vhdl:95]
INFO: [VRFC 10-8704] VHDL file 'C:/Users/jswat/School_Projects/ECE485_FinalProject/ece485_final_cadet_stage2/pipeline_registers.vhdl' is ignored due to errors
INFO: [USF-XSim-69] 'compile' step finished in '2' seconds
INFO: [USF-XSim-99] Step results log file:'C:/Users/jswat/School_Projects/ECE485_FinalProject/ece485_final_cadet_stage2/ece485_final_cadet_stage2.sim/sim_1/behav/xsim/xvhdl.log'
ERROR: [USF-XSim-62] 'compile' step failed with error(s). Please check the Tcl console output or 'C:/Users/jswat/School_Projects/ECE485_FinalProject/ece485_final_cadet_stage2/ece485_final_cadet_stage2.sim/sim_1/behav/xsim/xvhdl.log' file for more information.
ERROR: [Vivado 12-4473] Detected error while running simulation. Please correct the issue and retry this operation.
ERROR: [Common 17-39] 'launch_simulation' failed due to earlier errors.
WARNING: [filemgmt 56-199] Attempt to get parsing info during refresh. "On-the-fly" syntax checking information may be incorrect. [C:\Users\jswat\School_Projects\ECE485_FinalProject\ece485_final_cadet_stage2\riscv_pipeline.vhdl:]
WARNING: [filemgmt 56-199] Attempt to get parsing info during refresh. "On-the-fly" syntax checking information may be incorrect. [C:\Users\jswat\School_Projects\ECE485_FinalProject\ece485_final_cadet_stage2\pipeline_registers.vhdl:]
WARNING: [filemgmt 56-199] Attempt to get parsing info during refresh. "On-the-fly" syntax checking information may be incorrect. [C:\Users\jswat\School_Projects\ECE485_FinalProject\ece485_final_cadet_stage2\pipeline_registers.vhdl:]
WARNING: [filemgmt 56-199] Attempt to get parsing info during refresh. "On-the-fly" syntax checking information may be incorrect. [C:\Users\jswat\School_Projects\ECE485_FinalProject\ece485_final_cadet_stage2\pipeline_registers.vhdl:]
launch_simulation
Command: launch_simulation 
INFO: [Vivado 12-12493] Simulation top is 'tb_riscv_pipeline'
WARNING: [Vivado 12-13340] Unable to auto find GCC executables from simulator install path! (path not set)
INFO: [Vivado 12-5682] Launching behavioral simulation in 'C:/Users/jswat/School_Projects/ECE485_FinalProject/ece485_final_cadet_stage2/ece485_final_cadet_stage2.sim/sim_1/behav/xsim'
INFO: [SIM-utils-51] Simulation object is 'sim_1'
INFO: [SIM-utils-72] Using boost library from 'C:/Xilinx2/Vivado/2024.2/tps/boost_1_72_0'
INFO: [SIM-utils-54] Inspecting design source files for 'tb_riscv_pipeline' in fileset 'sim_1'...
INFO: [USF-XSim-97] Finding global include files...
INFO: [USF-XSim-98] Fetching design files from 'sim_1'...
INFO: [USF-XSim-2] XSim::Compile design
INFO: [USF-XSim-61] Executing 'COMPILE and ANALYZE' step in 'C:/Users/jswat/School_Projects/ECE485_FinalProject/ece485_final_cadet_stage2/ece485_final_cadet_stage2.sim/sim_1/behav/xsim'
ERROR: [Common 17-180] Spawn failed: No error
"xvhdl --incr --relax -prj tb_riscv_pipeline_vhdl.prj"
INFO: [VRFC 10-163] Analyzing VHDL file "C:/Users/jswat/School_Projects/ECE485_FinalProject/ece485_final_cadet_stage2/pipeline_registers.vhdl" into library xil_defaultlib
INFO: [VRFC 10-3107] analyzing entity 'pipeline_registers'
INFO: [VRFC 10-163] Analyzing VHDL file "C:/Users/jswat/School_Projects/ECE485_FinalProject/ece485_final_cadet_stage2/riscv_pipeline.vhdl" into library xil_defaultlib
INFO: [VRFC 10-3107] analyzing entity 'riscv_pipeline'
INFO: [USF-XSim-69] 'compile' step finished in '2' seconds
ERROR: [USF-XSim-62] 'compile' step failed with error(s) while executing 'C:/Users/jswat/School_Projects/ECE485_FinalProject/ece485_final_cadet_stage2/ece485_final_cadet_stage2.sim/sim_1/behav/xsim/compile.bat' script. Please check that the file has the correct 'read/write/execute' permissions and the Tcl console output for any other possible errors or warnings.
ERROR: [Vivado 12-4473] Detected error while running simulation. Please correct the issue and retry this operation.
ERROR: [Common 17-39] 'launch_simulation' failed due to earlier errors.
WARNING: [filemgmt 56-199] Attempt to get parsing info during refresh. "On-the-fly" syntax checking information may be incorrect. [C:\Users\jswat\School_Projects\ECE485_FinalProject\ece485_final_cadet_stage2\alu_control.vhdl:]
WARNING: [filemgmt 56-199] Attempt to get parsing info during refresh. "On-the-fly" syntax checking information may be incorrect. [C:\Users\jswat\School_Projects\ECE485_FinalProject\ece485_final_cadet_stage2\riscv_pipeline.vhdl:]
WARNING: [filemgmt 56-199] Attempt to get parsing info during refresh. "On-the-fly" syntax checking information may be incorrect. [C:\Users\jswat\School_Projects\ECE485_FinalProject\ece485_final_cadet_stage2\pipeline_registers.vhdl:]
WARNING: [filemgmt 56-199] Attempt to get parsing info during refresh. "On-the-fly" syntax checking information may be incorrect. [C:\Users\jswat\School_Projects\ECE485_FinalProject\ece485_final_cadet_stage2\pipeline_registers.vhdl:]
WARNING: [filemgmt 56-199] Attempt to get parsing info during refresh. "On-the-fly" syntax checking information may be incorrect. [C:\Users\jswat\School_Projects\ECE485_FinalProject\ece485_final_cadet_stage2\pipeline_registers.vhdl:]
WARNING: [filemgmt 56-199] Attempt to get parsing info during refresh. "On-the-fly" syntax checking information may be incorrect. [C:\Users\jswat\School_Projects\ECE485_FinalProject\ece485_final_cadet_stage2\alu_control.vhdl:]
WARNING: [filemgmt 56-199] Attempt to get parsing info during refresh. "On-the-fly" syntax checking information may be incorrect. [C:\Users\jswat\School_Projects\ECE485_FinalProject\ece485_final_cadet_stage2\riscv_pipeline.vhdl:]
WARNING: [filemgmt 56-199] Attempt to get parsing info during refresh. "On-the-fly" syntax checking information may be incorrect. [C:\Users\jswat\School_Projects\ECE485_FinalProject\ece485_final_cadet_stage2\pipeline_registers.vhdl:]
WARNING: [filemgmt 56-199] Attempt to get parsing info during refresh. "On-the-fly" syntax checking information may be incorrect. [C:\Users\jswat\School_Projects\ECE485_FinalProject\ece485_final_cadet_stage2\riscv_pipeline.vhdl:]
WARNING: [filemgmt 56-199] Attempt to get parsing info during refresh. "On-the-fly" syntax checking information may be incorrect. [C:\Users\jswat\School_Projects\ECE485_FinalProject\ece485_final_cadet_stage2\riscv_pipeline.vhdl:]
ERROR: [Common 17-180] Spawn failed: No error
ERROR: [Common 17-180] Spawn failed: No error
WARNING: [filemgmt 56-199] Attempt to get parsing info during refresh. "On-the-fly" syntax checking information may be incorrect. [C:\Users\jswat\School_Projects\ECE485_FinalProject\ece485_final_cadet_stage2\alu_control.vhdl:]
WARNING: [filemgmt 56-199] Attempt to get parsing info during refresh. "On-the-fly" syntax checking information may be incorrect. [C:\Users\jswat\School_Projects\ECE485_FinalProject\ece485_final_cadet_stage2\riscv_pipeline.vhdl:]
WARNING: [filemgmt 56-199] Attempt to get parsing info during refresh. "On-the-fly" syntax checking information may be incorrect. [C:\Users\jswat\School_Projects\ECE485_FinalProject\ece485_final_cadet_stage2\pipeline_registers.vhdl:]
WARNING: [filemgmt 56-199] Attempt to get parsing info during refresh. "On-the-fly" syntax checking information may be incorrect. [C:\Users\jswat\School_Projects\ECE485_FinalProject\ece485_final_cadet_stage2\pipeline_registers.vhdl:]
WARNING: [filemgmt 56-199] Attempt to get parsing info during refresh. "On-the-fly" syntax checking information may be incorrect. [C:\Users\jswat\School_Projects\ECE485_FinalProject\ece485_final_cadet_stage2\pipeline_registers.vhdl:]
WARNING: [filemgmt 56-199] Attempt to get parsing info during refresh. "On-the-fly" syntax checking information may be incorrect. [C:\Users\jswat\School_Projects\ECE485_FinalProject\ece485_final_cadet_stage2\alu_control.vhdl:]
WARNING: [filemgmt 56-199] Attempt to get parsing info during refresh. "On-the-fly" syntax checking information may be incorrect. [C:\Users\jswat\School_Projects\ECE485_FinalProject\ece485_final_cadet_stage2\riscv_pipeline.vhdl:]
WARNING: [filemgmt 56-199] Attempt to get parsing info during refresh. "On-the-fly" syntax checking information may be incorrect. [C:\Users\jswat\School_Projects\ECE485_FinalProject\ece485_final_cadet_stage2\pipeline_registers.vhdl:]
WARNING: [filemgmt 56-199] Attempt to get parsing info during refresh. "On-the-fly" syntax checking information may be incorrect. [C:\Users\jswat\School_Projects\ECE485_FinalProject\ece485_final_cadet_stage2\alu_control.vhdl:]
WARNING: [filemgmt 56-199] Attempt to get parsing info during refresh. "On-the-fly" syntax checking information may be incorrect. [C:\Users\jswat\School_Projects\ECE485_FinalProject\ece485_final_cadet_stage2\alu_control.vhdl:]
launch_simulation
Command: launch_simulation 
INFO: [Vivado 12-12493] Simulation top is 'tb_riscv_pipeline'
WARNING: [Vivado 12-13340] Unable to auto find GCC executables from simulator install path! (path not set)
INFO: [Vivado 12-5682] Launching behavioral simulation in 'C:/Users/jswat/School_Projects/ECE485_FinalProject/ece485_final_cadet_stage2/ece485_final_cadet_stage2.sim/sim_1/behav/xsim'
INFO: [SIM-utils-51] Simulation object is 'sim_1'
INFO: [SIM-utils-72] Using boost library from 'C:/Xilinx2/Vivado/2024.2/tps/boost_1_72_0'
INFO: [SIM-utils-54] Inspecting design source files for 'tb_riscv_pipeline' in fileset 'sim_1'...
INFO: [USF-XSim-97] Finding global include files...
INFO: [USF-XSim-98] Fetching design files from 'sim_1'...
INFO: [USF-XSim-2] XSim::Compile design
INFO: [USF-XSim-61] Executing 'COMPILE and ANALYZE' step in 'C:/Users/jswat/School_Projects/ECE485_FinalProject/ece485_final_cadet_stage2/ece485_final_cadet_stage2.sim/sim_1/behav/xsim'
"xvhdl --incr --relax -prj tb_riscv_pipeline_vhdl.prj"
INFO: [VRFC 10-163] Analyzing VHDL file "C:/Users/jswat/School_Projects/ECE485_FinalProject/ece485_final_cadet_stage2/riscv_pipeline.vhdl" into library xil_defaultlib
INFO: [VRFC 10-3107] analyzing entity 'riscv_pipeline'
INFO: [USF-XSim-69] 'compile' step finished in '1' seconds
INFO: [USF-XSim-3] XSim::Elaborate design
INFO: [USF-XSim-61] Executing 'ELABORATE' step in 'C:/Users/jswat/School_Projects/ECE485_FinalProject/ece485_final_cadet_stage2/ece485_final_cadet_stage2.sim/sim_1/behav/xsim'
"xelab --incr --debug typical --relax --mt 2 -L xil_defaultlib -L secureip --snapshot tb_riscv_pipeline_behav xil_defaultlib.tb_riscv_pipeline -log elaborate.log"
Vivado Simulator v2024.2.0
Copyright 1986-2022 Xilinx, Inc. All Rights Reserved.
Copyright 2022-2024 Advanced Micro Devices, Inc. All Rights Reserved.
Running: C:/Xilinx2/Vivado/2024.2/bin/unwrapped/win64.o/xelab.exe --incr --debug typical --relax --mt 2 -L xil_defaultlib -L secureip --snapshot tb_riscv_pipeline_behav xil_defaultlib.tb_riscv_pipeline -log elaborate.log 
Using 2 slave threads.
Starting static elaboration
Completed static elaboration
Starting simulation data flow analysis
Completed simulation data flow analysis
Time Resolution for simulation is 1ps
Compiling package std.standard
Compiling package std.textio
Compiling package ieee.std_logic_1164
Compiling package ieee.numeric_std
Compiling architecture behavioral of entity xil_defaultlib.pc_live [pc_live_default]
Compiling architecture behavioral of entity xil_defaultlib.pipeline_registers [pipeline_registers_default]
Compiling architecture behavioral of entity xil_defaultlib.instr_mem [instr_mem_default]
Compiling architecture behavioral of entity xil_defaultlib.control_unit [control_unit_default]
Compiling architecture behavioral of entity xil_defaultlib.alu_control [alu_control_default]
Compiling architecture behavioral of entity xil_defaultlib.reg_file [reg_file_default]
Compiling architecture behavioral of entity xil_defaultlib.immediate_generator [immediate_generator_default]
Compiling architecture behavioral of entity xil_defaultlib.alu [alu_default]
Compiling architecture behavioral of entity xil_defaultlib.data_mem [data_mem_default]
Compiling architecture behavioral of entity xil_defaultlib.riscv_pipeline [riscv_pipeline_default]
Compiling architecture behavioral of entity xil_defaultlib.tb_riscv_pipeline
Built simulation snapshot tb_riscv_pipeline_behav
INFO: [USF-XSim-69] 'elaborate' step finished in '3' seconds
INFO: [USF-XSim-4] XSim::Simulate design
INFO: [USF-XSim-61] Executing 'SIMULATE' step in 'C:/Users/jswat/School_Projects/ECE485_FinalProject/ece485_final_cadet_stage2/ece485_final_cadet_stage2.sim/sim_1/behav/xsim'
INFO: [USF-XSim-98] *** Running xsim
   with args "tb_riscv_pipeline_behav -key {Behavioral:sim_1:Functional:tb_riscv_pipeline} -tclbatch {tb_riscv_pipeline.tcl} -view {C:/Users/jswat/School_Projects/ECE485_FinalProject/ece485_final_cadet_stage2/tb_riscv_pipeline_behav.wcfg} -log {simulate.log}"
INFO: [USF-XSim-8] Loading simulator feature
Time resolution is 1 ps
open_wave_config C:/Users/jswat/School_Projects/ECE485_FinalProject/ece485_final_cadet_stage2/tb_riscv_pipeline_behav.wcfg
source tb_riscv_pipeline.tcl
# set curr_wave [current_wave_config]
# if { [string length $curr_wave] == 0 } {
#   if { [llength [get_objects]] > 0} {
#     add_wave /
#     set_property needs_save false [current_wave_config]
#   } else {
#      send_msg_id Add_Wave-1 WARNING "No top level signals found. Simulator will start without a wave window. If you want to open a wave window go to 'File->New Waveform Configuration' or type 'create_wave_config' in the TCL console."
#   }
# }
# run 1000ns
INFO: [USF-XSim-96] XSim completed. Design snapshot 'tb_riscv_pipeline_behav' loaded.
INFO: [USF-XSim-97] XSim simulation ran for 1000ns
launch_simulation: Time (s): cpu = 00:00:02 ; elapsed = 00:00:06 . Memory (MB): peak = 2228.102 ; gain = 0.000
run 250 ns
run 250 ns
close_sim
INFO: [Simtcl 6-16] Simulation closed
exit
INFO: [Common 17-206] Exiting Vivado at Sat Apr 18 20:42:02 2026...
